nohup: ignoring input

> saas-starter-kit@1.6.0 dev
> next dev --port 4002

   ▲ Next.js 15.3.3
   - Local:        http://localhost:4002
   - Network:      http://172.31.1.250:4002
   - Environments: .env
   - Experiments (use with caution):
     · clientTraceMetadata

 ✓ Starting...
[@sentry/nextjs] Could not find `onRequestError` hook in instrumentation file. This indicates outdated configuration of the Sentry SDK. Use `Sentry.captureRequestError` to instrument the `onRequestError` hook: https://docs.sentry.io/platforms/javascript/guides/nextjs/manual-setup/#errors-from-nested-react-server-components
[@sentry/nextjs] DEPRECATION WARNING: It is recommended renaming your `sentry.client.config.ts` file, or moving its content to `instrumentation-client.ts`. When using Turbopack `sentry.client.config.ts` will no longer work. Read more about the `instrumentation-client.ts` file: https://nextjs.org/docs/app/api-reference/file-conventions/instrumentation-client
 ○ Compiling /instrumentation ...
 ✓ Compiled /instrumentation in 7.6s (1503 modules)
 ✓ Ready in 13s
 ○ Compiling / ...
 ✓ Compiled / in 8.4s (2269 modules)
 GET / 200 in 6138ms
 ⚠ Cross origin request detected from termynal.ai to /_next/* resource. In a future major version of Next.js, you will need to explicitly configure "allowedDevOrigins" in next.config to allow this.
Read more: https://nextjs.org/docs/app/api-reference/config/next-config-js/allowedDevOrigins
 ○ Compiling /api/auth/[...nextauth] ...
 ✓ Compiled /api/auth/[...nextauth] in 1996ms (1597 modules)
 GET /api/auth/session 304 in 3329ms
 GET /api/auth/session 304 in 8ms
 GET / 200 in 1687ms
 ○ Compiling /middleware ...
 ✓ Compiled /middleware in 2.1s (613 modules)
 ○ Compiling /auth/login ...
 ✓ Compiled /auth/login in 3.7s (2494 modules)
 GET / 200 in 468ms
[next-auth][error][CLIENT_FETCH_ERROR] 
https://next-auth.js.org/errors#client_fetch_error fetch failed {
  error: {
    message: 'fetch failed',
    stack: 'TypeError: fetch failed\n' +
      '    at node:internal/deps/undici/undici:12637:11\n' +
      '    at process.processTicksAndRejections (node:internal/process/task_queues:95:5)',
    name: 'TypeError'
  },
  url: 'http://termynal.ai/api/auth/csrf',
  message: 'fetch failed'
}
 ⨯ Error: Error serializing `.csrfToken` returned from `getServerSideProps` in "/auth/login".
Reason: `undefined` cannot be serialized as JSON. Please use `null` or omit this value.
    at Array.every (<anonymous>)
 ○ Compiling /_error ...
 ✓ Compiled /_error in 2.6s (2702 modules)
 ⨯ Error: Error serializing `.csrfToken` returned from `getServerSideProps` in "/auth/login".
Reason: `undefined` cannot be serialized as JSON. Please use `null` or omit this value.
    at Array.every (<anonymous>) {
  page: '/auth/login'
}
 GET /_next/data/development/en/auth/login.json 500 in 18560ms
 GET / 200 in 450ms
[next-auth][error][CLIENT_FETCH_ERROR] 
https://next-auth.js.org/errors#client_fetch_error fetch failed {
  error: {
    message: 'fetch failed',
    stack: 'TypeError: fetch failed\n' +
      '    at node:internal/deps/undici/undici:12637:11\n' +
      '    at process.processTicksAndRejections (node:internal/process/task_queues:95:5)',
    name: 'TypeError'
  },
  url: 'http://termynal.ai/api/auth/csrf',
  message: 'fetch failed'
}
 ⨯ Error: Error serializing `.csrfToken` returned from `getServerSideProps` in "/auth/login".
Reason: `undefined` cannot be serialized as JSON. Please use `null` or omit this value.
    at Array.every (<anonymous>)
 ⨯ Error: Error serializing `.csrfToken` returned from `getServerSideProps` in "/auth/login".
Reason: `undefined` cannot be serialized as JSON. Please use `null` or omit this value.
    at Array.every (<anonymous>) {
  page: '/auth/login'
}
 GET /auth/login 500 in 11409ms
 ○ Compiling /404 ...
 ⚠ Fast Refresh had to perform a full reload due to a runtime error.
 ✓ Compiled /404 in 2.9s (2707 modules)
 GET /favicon.ico 404 in 3502ms
 GET / 200 in 447ms
[next-auth][error][CLIENT_FETCH_ERROR] 
https://next-auth.js.org/errors#client_fetch_error fetch failed {
  error: {
    message: 'fetch failed',
    stack: 'TypeError: fetch failed\n' +
      '    at node:internal/deps/undici/undici:12637:11\n' +
      '    at process.processTicksAndRejections (node:internal/process/task_queues:95:5)',
    name: 'TypeError'
  },
  url: 'http://termynal.ai/api/auth/csrf',
  message: 'fetch failed'
}
 ⨯ Error: Error serializing `.csrfToken` returned from `getServerSideProps` in "/auth/login".
Reason: `undefined` cannot be serialized as JSON. Please use `null` or omit this value.
    at Array.every (<anonymous>)
[next-auth][error][CLIENT_FETCH_ERROR] 
https://next-auth.js.org/errors#client_fetch_error fetch failed {
  error: {
    message: 'fetch failed',
    stack: 'TypeError: fetch failed\n' +
      '    at node:internal/deps/undici/undici:12637:11\n' +
      '    at process.processTicksAndRejections (node:internal/process/task_queues:95:5)',
    name: 'TypeError'
  },
  url: 'http://termynal.ai/api/auth/csrf',
  message: 'fetch failed'
}
 ⨯ Error: Error serializing `.csrfToken` returned from `getServerSideProps` in "/auth/login".
Reason: `undefined` cannot be serialized as JSON. Please use `null` or omit this value.
    at Array.every (<anonymous>)
 ⨯ Error: Error serializing `.csrfToken` returned from `getServerSideProps` in "/auth/login".
Reason: `undefined` cannot be serialized as JSON. Please use `null` or omit this value.
    at Array.every (<anonymous>) {
  page: '/auth/login'
}
 ⨯ Error: Error serializing `.csrfToken` returned from `getServerSideProps` in "/auth/login".
Reason: `undefined` cannot be serialized as JSON. Please use `null` or omit this value.
    at Array.every (<anonymous>) {
  page: '/auth/login'
}
 GET /auth/login 500 in 12613ms
 GET / 200 in 456ms
 GET / 200 in 439ms
 GET / 200 in 452ms
 GET / 200 in 910ms
 GET / 200 in 449ms
 GET / 200 in 440ms
 GET / 200 in 439ms
 GET / 200 in 447ms
 GET / 200 in 448ms
 GET / 200 in 442ms
 GET / 200 in 450ms
 GET / 200 in 439ms
 GET / 200 in 447ms
 GET /api/auth/csrf 200 in 71ms
 GET / 200 in 448ms
 GET / 200 in 437ms
 GET / 200 in 442ms
 GET / 200 in 436ms
 GET / 200 in 438ms
 GET / 200 in 452ms
 GET / 200 in 439ms
 GET / 200 in 435ms
 GET / 200 in 437ms
 GET / 200 in 438ms
 HEAD /api/auth/csrf 400 in 8ms
 GET / 200 in 438ms
 GET / 200 in 438ms
 GET / 200 in 440ms
 GET / 200 in 444ms
 GET /api/auth/csrf 200 in 9ms
 GET / 200 in 442ms
 GET / 200 in 442ms
 GET / 200 in 438ms
 GET / 200 in 441ms
 GET / 200 in 446ms
 GET / 200 in 441ms
 GET /api/auth/session 304 in 10ms
 GET /api/auth/session 304 in 8ms
 GET / 200 in 438ms
 GET /api/auth/csrf 200 in 11ms
 GET /_next/data/development/en/auth/login.json 200 in 502ms
 GET /api/auth/providers 200 in 10ms
 GET /api/auth/csrf 304 in 10ms
 POST /api/auth/signin/github 200 in 19ms
 GET /api/auth/csrf 200 in 11ms
 GET /auth/login 200 in 491ms
 GET /api/auth/session 304 in 9ms
 GET / 200 in 435ms
 GET /api/auth/session 304 in 6ms
 GET / 200 in 445ms
 GET / 200 in 439ms
 GET / 200 in 440ms
 GET / 200 in 443ms
 GET /api/auth/providers 304 in 15ms
 GET /api/auth/csrf 304 in 12ms
 POST /api/auth/signin/github 200 in 12ms
 GET /api/auth/callback/github?code=c68319893002cafc14fe&state=Sezxx10oSI8O5kx2T4gVUhlAncLg7y10i4vPmLo9FPs 302 in 476ms
 ○ Compiling /dashboard ...
 ⚠ Fast Refresh had to perform a full reload due to a runtime error.
 ✓ Compiled /dashboard in 6s (2706 modules)
 GET / 200 in 4889ms
 GET /dashboard 200 in 6656ms
 GET /api/auth/csrf 200 in 57ms
 GET /api/auth/csrf 200 in 57ms
 GET /auth/login 200 in 2810ms
 GET /api/auth/session 200 in 12ms
 GET /api/auth/session 200 in 7ms
 ○ Compiling /api/teams ...
 ✓ Compiled /api/teams in 3s (1825 modules)
 GET /api/teams 200 in 3219ms
 ○ Compiling /teams ...
 ✓ Compiled /teams in 4.6s (2810 modules)
 GET /_next/data/development/en/teams.json?newTeam=true 200 in 5217ms
 GET / 200 in 498ms
 GET /api/teams 304 in 61ms
 GET / 200 in 436ms
 GET / 200 in 431ms
 GET / 200 in 427ms
 GET / 200 in 994ms
 GET / 200 in 436ms
 GET / 200 in 437ms
 GET / 200 in 452ms
 GET / 200 in 452ms
 GET / 200 in 440ms
 GET / 200 in 449ms
 GET /_next/data/development/en/teams.json 200 in 440ms
 GET / 200 in 449ms
 ○ Compiling /api/auth/custom-signout ...
 ✓ Compiled /api/auth/custom-signout in 3.5s (1653 modules)
 POST /api/auth/custom-signout 200 in 3647ms
 ○ Compiling /api/auth/[...nextauth] ...
 ✓ Compiled /api/auth/[...nextauth] in 1122ms (1656 modules)
 GET /api/auth/csrf 200 in 1179ms
 GET /_next/data/development/en/auth/login.json 200 in 1795ms
 GET /_next/data/development/en/dashboard.json 200 in 532ms
 GET /_next/data/development/en/teams.json?newTeam=true 200 in 488ms
 ○ Compiling /api/teams ...
 ✓ Compiled /api/teams in 940ms (1660 modules)
 GET /api/teams 304 in 1004ms
 GET / 200 in 512ms
 GET / 200 in 432ms
 GET / 200 in 481ms
 GET / 200 in 451ms
 GET / 200 in 460ms
 GET / 200 in 440ms
 GET / 200 in 447ms
 GET /_next/data/development/en/teams.json 200 in 478ms
 ○ Compiling /settings/account ...
 ✓ Compiled /settings/account in 9.4s (2574 modules)
 GET /_next/data/development/en/settings/account.json 200 in 10072ms
 GET / 200 in 426ms
 GET / 200 in 428ms
 GET / 200 in 437ms
 GET / 200 in 448ms
 GET / 200 in 440ms
 HEAD / 200 in 434ms
 GET / 200 in 443ms
 GET / 200 in 439ms
 GET / 200 in 443ms
 GET / 200 in 442ms
 GET / 200 in 449ms
Browserslist: browsers data (caniuse-lite) is 7 months old. Please run:
  npx update-browserslist-db@latest
  Why you should do it regularly: https://github.com/browserslist/update-db#readme

🌼   daisyUI 4.12.24
├─ ✔︎ 2 themes added		https://daisyui.com/docs/themes
╰─ ❤︎ Support daisyUI project:	https://opencollective.com/daisyui

 ✓ Compiled in 6.8s (934 modules)
 GET / 200 in 432ms
 GET / 200 in 428ms
 GET / 200 in 430ms
 ✓ Compiled in 1484ms (934 modules)
 GET / 200 in 435ms
 ✓ Compiled in 1239ms (934 modules)
 ✓ Compiled in 1163ms (934 modules)
 GET / 200 in 446ms
 GET / 200 in 427ms
 ✓ Compiled in 1139ms (934 modules)
 ✓ Compiled in 6.9s (2560 modules)
 GET / 200 in 436ms
 ✓ Compiled in 1187ms (934 modules)
 GET / 200 in 436ms
 GET / 200 in 465ms
 GET / 200 in 577ms
 GET / 200 in 446ms
 GET / 200 in 435ms
 GET / 200 in 439ms
 GET / 200 in 452ms
 GET / 200 in 447ms
 GET / 200 in 458ms
 GET / 200 in 456ms
 GET / 200 in 460ms
 ○ Compiling /api/auth/[...nextauth] ...
 ✓ Compiled /api/auth/[...nextauth] in 1702ms (1671 modules)
 GET /api/auth/session 200 in 1797ms
 GET /api/auth/session 304 in 10ms
 GET / 200 in 557ms
 ○ Compiling /auth/login ...
 ✓ Compiled /auth/login in 4s (2602 modules)
 GET /api/auth/csrf 200 in 50ms
 GET /_next/data/development/en/auth/login.json 200 in 4675ms
 GET / 200 in 452ms
 GET /api/auth/providers 200 in 10ms
 GET /api/auth/csrf 200 in 7ms
 POST /api/auth/signin/github 200 in 13ms
 GET / 200 in 434ms
 GET /api/auth/callback/github?code=4c80ae5a481ac76ee08e&state=L9O5uT0wRWrgIR0TRk-t8LF4kHljQN7YSpkIMOqEHc0 302 in 451ms
 ○ Compiling /dashboard ...
 ✓ Compiled /dashboard in 2.1s (2573 modules)
 GET /dashboard 200 in 2608ms
 GET /api/auth/session 200 in 52ms
 GET / 200 in 466ms
 GET /api/auth/session 200 in 29ms
 ○ Compiling /api/teams ...
 ✓ Compiled /api/teams in 4.5s (1654 modules)
 GET /api/teams 200 in 4586ms
 ○ Compiling /teams ...
 ✓ Compiled /teams in 1118ms (2644 modules)
 GET /_next/data/development/en/teams.json?newTeam=true 200 in 1715ms
 GET /api/teams 304 in 56ms
 GET /_next/data/development/en/teams.json 200 in 434ms
 ○ Compiling /api/auth/custom-signout ...
 ✓ Compiled /api/auth/custom-signout in 1768ms (1690 modules)
 POST /api/auth/custom-signout 200 in 1828ms
 GET /api/auth/csrf 200 in 12ms
 GET /_next/data/development/en/auth/login.json 200 in 567ms
 GET / 200 in 455ms
 GET /_next/data/development/en/dashboard.json 200 in 453ms
 GET /api/teams 304 in 29ms
 GET /_next/data/development/en/teams.json?newTeam=true 200 in 479ms
 GET /_next/data/development/en/teams.json 200 in 429ms
 GET / 200 in 456ms
 GET / 200 in 442ms
 GET / 200 in 627ms
 GET / 200 in 616ms
 ✓ Compiled in 1881ms (2608 modules)
 GET /_next/data/development/en/teams.json 200 in 591ms
 GET /_next/data/development/en/settings/account.json 200 in 681ms
 GET / 200 in 447ms
 ○ Compiling /api/auth/[...nextauth] ...
 ✓ Compiled /api/auth/[...nextauth] in 5.4s (2560 modules)
 ✓ Compiled in 1858ms (2605 modules)
 GET /api/auth/session 200 in 3987ms
 GET /api/auth/session 200 in 3988ms
 GET /api/auth/session 200 in 14ms
 GET /api/auth/session 200 in 18ms
 GET /_next/data/development/en/teams.json 200 in 2626ms
 GET /_next/data/development/en/settings/account.json 200 in 2652ms
 ○ Compiling /api/teams ...
 ✓ Compiled /api/teams in 1017ms (1675 modules)
 GET /api/teams 304 in 1076ms
 GET / 200 in 530ms
 GET / 200 in 429ms
 GET / 200 in 430ms
